 
****************************************
Report : area
Design : System_top
Version: K-2015.06
Date   : Sat Sep  3 20:17:42 2022
****************************************

Library(s) Used:

    scmetro_tsmc_cl013g_rvt_ss_1p08v_125c (File: /mnt/hgfs/Joe's_Backend/std_cells/scmetro_tsmc_cl013g_rvt_ss_1p08v_125c.db)

Number of ports:                          904
Number of nets:                          2503
Number of cells:                         1597
Number of combinational cells:           1263
Number of sequential cells:               296
Number of macros/black boxes:               0
Number of buf/inv:                        225
Number of references:                      12

Combinational area:              10655.018664
Buf/Inv area:                      888.408520
Noncombinational area:            7015.485363
Macro/Black Box area:                0.000000
Net Interconnect area:          195674.322632

Total cell area:                 17670.504027
Total area:                     213344.826659

Hierarchical area distribution
------------------------------

                                  Global cell area            Local cell area
                                  -------------------  ----------------------------- 
Hierarchical cell                 Absolute    Percent  Combi-      Noncombi-  Black-
                                  Total       Total    national    national   boxes   Design
--------------------------------  ----------  -------  ----------  ---------  ------  ----------------------------------------
System_top                        17670.5040    100.0      7.0602     0.0000  0.0000  System_top
U0_ClkDiv                           368.3071      2.1    238.8701   129.4370  0.0000  ClkDiv_00000004
u_ALU_TOP                          6343.5897     35.9     47.0680     0.0000  0.0000  ALU_TOP_00000008
u_ALU_TOP/U_ARITHMETIC_UNIT        4731.5107     26.8    272.9944   360.0702  0.0000  ARITHMETIC_UNIT_DATA_WIDTH8
u_ALU_TOP/U_ARITHMETIC_UNIT/add_24
                                    231.8099      1.3    231.8099     0.0000  0.0000  ARITHMETIC_UNIT_DATA_WIDTH8_DW01_add_0
u_ALU_TOP/U_ARITHMETIC_UNIT/div_27
                                   1506.1760      8.5   1506.1760     0.0000  0.0000  ARITHMETIC_UNIT_DATA_WIDTH8_DW_div_uns_0
u_ALU_TOP/U_ARITHMETIC_UNIT/mult_26
                                   2090.9959     11.8   1889.7802     0.0000  0.0000  ARITHMETIC_UNIT_DATA_WIDTH8_DW02_mult_0
u_ALU_TOP/U_ARITHMETIC_UNIT/mult_26/FS_1
                                    201.2157      1.1    201.2157     0.0000  0.0000  ARITHMETIC_UNIT_DATA_WIDTH8_DW01_add_1
u_ALU_TOP/U_ARITHMETIC_UNIT/sub_25
                                    269.4643      1.5    269.4643     0.0000  0.0000  ARITHMETIC_UNIT_DATA_WIDTH8_DW01_sub_0
u_ALU_TOP/U_CMP_UNIT                231.8099      1.3    168.2681    63.5418  0.0000  CMP_UNIT_DATA_WIDTH8
u_ALU_TOP/U_Decoder_Unit             40.0078      0.2     40.0078     0.0000  0.0000  Decoder_Unit
u_ALU_TOP/U_LOGIC_UNIT              505.9810      2.9    315.3556   190.6254  0.0000  LOGIC_UNIT_DATA_WIDTH8
u_ALU_TOP/U_SHIFT_UNIT              377.7207      2.1    177.6817   200.0390  0.0000  SHIFT_UNIT_DATA_WIDTH8
u_ALU_TOP/u_ALU_vld_MUX4x1           51.7748      0.3     51.7748     0.0000  0.0000  MUX4x1_DATA_WIDTH1
u_ALU_TOP/u_ALUout_MUX4x1           357.7168      2.0    357.7168     0.0000  0.0000  MUX4x1_DATA_WIDTH16
u_BIT_SYNC                           58.8350      0.3      0.0000    58.8350  0.0000  BIT_SYNC_00000002
u_CLK_GATE                           40.0078      0.2      0.0000    40.0078  0.0000  CLK_GATE
u_REG_FILE                         5674.0475     32.1   1949.7920  3724.2555  0.0000  REG_FILE_00000008_00000010
u_RST_1_SYNC                         51.7748      0.3      0.0000    51.7748  0.0000  RST_SYNC_00000002_1
u_RST_2_SYNC                         51.7748      0.3      0.0000    51.7748  0.0000  RST_SYNC_00000002_0
u_RX_2_SYSCTRL_DATA_SYNC            436.5557      2.5     92.9593   343.5964  0.0000  DATA_SYNC_00000002_00000008_0
u_SYSCTRL_2_TX_DATA_SYNC            436.5557      2.5     92.9593   343.5964  0.0000  DATA_SYNC_00000002_00000008_1
u_SYS_CTRL                         1526.1799      8.6      0.0000     0.0000  0.0000  SYS_CTRL
u_SYS_CTRL/u_FSM_1_SYS_CTRL         706.0200      4.0    421.2586   284.7614  0.0000  FSM_1_SYS_CTRL
u_SYS_CTRL/u_FSM_2_SYS_CTRL         820.1599      4.6    742.4977    77.6622  0.0000  FSM_2_SYS_CTRL
u_UART                             2675.8158     15.1      0.0000     0.0000  0.0000  UART_00000008_00000005
u_UART/u_UART_RX_top               2070.9920     11.7      8.2369     0.0000  0.0000  UART_RX
u_UART/u_UART_RX_top/u_FSM          345.9498      2.0    268.2876    77.6622  0.0000  FSM_RX
u_UART/u_UART_RX_top/u_PAR_CHK      487.1538      2.8    221.2196   265.9342  0.0000  PAR_CHK
u_UART/u_UART_RX_top/u_STP_CHK       10.5903      0.1     10.5903     0.0000  0.0000  STP_CHK
u_UART/u_UART_RX_top/u_STR_CHK        7.0602      0.0      7.0602     0.0000  0.0000  STR_CHK
u_UART/u_UART_RX_top/u_data_sampler
                                    410.6683      2.3    305.9420   104.7263  0.0000  data_sampler
u_UART/u_UART_RX_top/u_deserializer
                                    298.8818      1.7     91.7826   207.0992  0.0000  deserializer
u_UART/u_UART_RX_top/u_edge_bit_counter
                                    502.4509      2.8    269.4643   232.9866  0.0000  edge_bit_counter
u_UART/u_UART_TX_top                604.8238      3.4      0.0000     0.0000  0.0000  UART_TX
u_UART/u_UART_TX_top/u_FSM          177.6817      1.0    100.0195    77.6622  0.0000  FSM_TX
u_UART/u_UART_TX_top/u_MUX           21.1806      0.1     21.1806     0.0000  0.0000  MUX_start_bit0_stop_bit1
u_UART/u_UART_TX_top/u_Par_Calc      92.9593      0.5     92.9593     0.0000  0.0000  Par_Calc
u_UART/u_UART_TX_top/u_serializer   313.0022      1.8    183.5652   129.4370  0.0000  serializer
--------------------------------  ----------  -------  ----------  ---------  ------  ----------------------------------------
Total                                                  10655.0187  7015.4854  0.0000

1
