Loading db file '/mnt/hgfs/Joe's_Backend/std_cells/scmetro_tsmc_cl013g_rvt_ss_1p08v_125c.db'
Information: Propagating switching activity (low effort zero delay simulation). (PWR-6)
Warning: Design has unannotated primary inputs. (PWR-414)
Warning: Design has unannotated sequential cell outputs. (PWR-415)
 
****************************************
Report : power
        -analysis_effort low
        -verbose
Design : System_top
Version: K-2015.06
Date   : Sat Sep  3 20:17:43 2022
****************************************


Library(s) Used:

    scmetro_tsmc_cl013g_rvt_ss_1p08v_125c (File: /mnt/hgfs/Joe's_Backend/std_cells/scmetro_tsmc_cl013g_rvt_ss_1p08v_125c.db)


Operating Conditions: scmetro_tsmc_cl013g_rvt_ss_1p08v_125c   Library: scmetro_tsmc_cl013g_rvt_ss_1p08v_125c
Wire Load Model Mode: top

Design        Wire Load Model            Library
------------------------------------------------
System_top             tsmc13_wl10       scmetro_tsmc_cl013g_rvt_ss_1p08v_125c


Global Operating Voltage = 1.08 
Power-specific unit information :
    Voltage Units = 1V
    Capacitance Units = 1.000000pf
    Time Units = 1ns
    Dynamic Power Units = 1mW    (derived from V,C,T units)
    Leakage Power Units = 1pW


  Cell Internal Power  = 201.2227 uW   (85%)
  Net Switching Power  =  35.6196 uW   (15%)
                         ---------
Total Dynamic Power    = 236.8423 uW  (100%)

Cell Leakage Power     =  10.5751 uW

                 Internal         Switching           Leakage            Total                         Cell
Power Group      Power            Power               Power              Power   (   %    )  Attrs  Count
---------------------------------------------------------------------------------------------------------
io_pad             0.0000            0.0000            0.0000            0.0000  (   0.00%)            0
memory             0.0000            0.0000            0.0000            0.0000  (   0.00%)            0
black_box          0.0000            0.0000            0.0000            0.0000  (   0.00%)            0
clock_network  5.4167e-03        2.6354e-02        4.8642e+04        3.1819e-02  (  12.86%)            2
register           0.1946        7.9176e-04        3.1776e+06            0.1985  (  80.25%)            268
sequential         0.0000            0.0000            0.0000            0.0000  (   0.00%)            0
combinational  1.2336e-03        8.4741e-03        7.3489e+06        1.7057e-02  (   6.89%)            1262
---------------------------------------------------------------------------------------------------------
Total              0.2012 mW     3.5620e-02 mW     1.0575e+07 pW         0.2474 mW
1
