**************************************************
Report         : passing_points

Reference      : Ref:/WORK/System_top
Implementation : Imp:/WORK/System_top
Version        : L-2016.03-SP1
Date           : Sat Sep  3 21:16:16 2022
**************************************************

265 Passing compare points:

  Ref  LAT        Ref:/WORK/System_top/u_CLK_GATE/U0_TLATNCAX12M
  Impl LAT        Imp:/WORK/System_top/u_CLK_GATE/U0_TLATNCAX12M

  Ref  DFF        Ref:/WORK/System_top/U0_ClkDiv/count_reg[0]
  Impl DFF        Imp:/WORK/System_top/U0_ClkDiv/count_reg[0]

  Ref  DFF        Ref:/WORK/System_top/U0_ClkDiv/count_reg[1]
  Impl DFF        Imp:/WORK/System_top/U0_ClkDiv/count_reg[1]

  Ref  DFF        Ref:/WORK/System_top/U0_ClkDiv/count_reg[2]
  Impl DFF        Imp:/WORK/System_top/U0_ClkDiv/count_reg[2]

  Ref  DFF        Ref:/WORK/System_top/U0_ClkDiv/div_clk_reg
  Impl DFF        Imp:/WORK/System_top/U0_ClkDiv/div_clk_reg

  Ref  DFF        Ref:/WORK/System_top/U0_ClkDiv/odd_edge_tog_reg
  Impl DFF        Imp:/WORK/System_top/U0_ClkDiv/odd_edge_tog_reg

  Ref  DFF1X      Ref:/WORK/System_top/u_ALU_TOP/U_ARITHMETIC_UNIT/Arith_Flag_reg_reg
  Impl DFF        Imp:/WORK/System_top/u_ALU_TOP/U_ARITHMETIC_UNIT/Arith_Flag_reg_reg

  Ref  DFF        Ref:/WORK/System_top/u_ALU_TOP/U_ARITHMETIC_UNIT/Arith_OUT_reg_reg[0]
  Impl DFF        Imp:/WORK/System_top/u_ALU_TOP/U_ARITHMETIC_UNIT/Arith_OUT_reg_reg[0]

  Ref  DFF        Ref:/WORK/System_top/u_ALU_TOP/U_ARITHMETIC_UNIT/Arith_OUT_reg_reg[1]
  Impl DFF        Imp:/WORK/System_top/u_ALU_TOP/U_ARITHMETIC_UNIT/Arith_OUT_reg_reg[1]

  Ref  DFF        Ref:/WORK/System_top/u_ALU_TOP/U_ARITHMETIC_UNIT/Arith_OUT_reg_reg[2]
  Impl DFF        Imp:/WORK/System_top/u_ALU_TOP/U_ARITHMETIC_UNIT/Arith_OUT_reg_reg[2]

  Ref  DFF        Ref:/WORK/System_top/u_ALU_TOP/U_ARITHMETIC_UNIT/Arith_OUT_reg_reg[3]
  Impl DFF        Imp:/WORK/System_top/u_ALU_TOP/U_ARITHMETIC_UNIT/Arith_OUT_reg_reg[3]

  Ref  DFF        Ref:/WORK/System_top/u_ALU_TOP/U_ARITHMETIC_UNIT/Arith_OUT_reg_reg[4]
  Impl DFF        Imp:/WORK/System_top/u_ALU_TOP/U_ARITHMETIC_UNIT/Arith_OUT_reg_reg[4]

  Ref  DFF        Ref:/WORK/System_top/u_ALU_TOP/U_ARITHMETIC_UNIT/Arith_OUT_reg_reg[5]
  Impl DFF        Imp:/WORK/System_top/u_ALU_TOP/U_ARITHMETIC_UNIT/Arith_OUT_reg_reg[5]

  Ref  DFF        Ref:/WORK/System_top/u_ALU_TOP/U_ARITHMETIC_UNIT/Arith_OUT_reg_reg[6]
  Impl DFF        Imp:/WORK/System_top/u_ALU_TOP/U_ARITHMETIC_UNIT/Arith_OUT_reg_reg[6]

  Ref  DFF        Ref:/WORK/System_top/u_ALU_TOP/U_ARITHMETIC_UNIT/Arith_OUT_reg_reg[7]
  Impl DFF        Imp:/WORK/System_top/u_ALU_TOP/U_ARITHMETIC_UNIT/Arith_OUT_reg_reg[7]

  Ref  DFF        Ref:/WORK/System_top/u_ALU_TOP/U_ARITHMETIC_UNIT/Carry_OUT_reg_reg[0]
  Impl DFF        Imp:/WORK/System_top/u_ALU_TOP/U_ARITHMETIC_UNIT/Carry_OUT_reg_reg[0]

  Ref  DFF        Ref:/WORK/System_top/u_ALU_TOP/U_ARITHMETIC_UNIT/Carry_OUT_reg_reg[1]
  Impl DFF        Imp:/WORK/System_top/u_ALU_TOP/U_ARITHMETIC_UNIT/Carry_OUT_reg_reg[1]

  Ref  DFF        Ref:/WORK/System_top/u_ALU_TOP/U_ARITHMETIC_UNIT/Carry_OUT_reg_reg[2]
  Impl DFF        Imp:/WORK/System_top/u_ALU_TOP/U_ARITHMETIC_UNIT/Carry_OUT_reg_reg[2]

  Ref  DFF        Ref:/WORK/System_top/u_ALU_TOP/U_ARITHMETIC_UNIT/Carry_OUT_reg_reg[3]
  Impl DFF        Imp:/WORK/System_top/u_ALU_TOP/U_ARITHMETIC_UNIT/Carry_OUT_reg_reg[3]

  Ref  DFF        Ref:/WORK/System_top/u_ALU_TOP/U_ARITHMETIC_UNIT/Carry_OUT_reg_reg[4]
  Impl DFF        Imp:/WORK/System_top/u_ALU_TOP/U_ARITHMETIC_UNIT/Carry_OUT_reg_reg[4]

  Ref  DFF        Ref:/WORK/System_top/u_ALU_TOP/U_ARITHMETIC_UNIT/Carry_OUT_reg_reg[5]
  Impl DFF        Imp:/WORK/System_top/u_ALU_TOP/U_ARITHMETIC_UNIT/Carry_OUT_reg_reg[5]

  Ref  DFF        Ref:/WORK/System_top/u_ALU_TOP/U_ARITHMETIC_UNIT/Carry_OUT_reg_reg[6]
  Impl DFF        Imp:/WORK/System_top/u_ALU_TOP/U_ARITHMETIC_UNIT/Carry_OUT_reg_reg[6]

  Ref  DFF        Ref:/WORK/System_top/u_ALU_TOP/U_CMP_UNIT/CMP_Flag_reg_reg
  Impl DFF        Imp:/WORK/System_top/u_ALU_TOP/U_CMP_UNIT/CMP_Flag_reg_reg

  Ref  DFF        Ref:/WORK/System_top/u_ALU_TOP/U_CMP_UNIT/CMP_OUT_reg_reg[0]
  Impl DFF        Imp:/WORK/System_top/u_ALU_TOP/U_CMP_UNIT/CMP_OUT_reg_reg[0]

  Ref  DFF        Ref:/WORK/System_top/u_ALU_TOP/U_CMP_UNIT/CMP_OUT_reg_reg[1]
  Impl DFF        Imp:/WORK/System_top/u_ALU_TOP/U_CMP_UNIT/CMP_OUT_reg_reg[1]

  Ref  DFF        Ref:/WORK/System_top/u_ALU_TOP/U_LOGIC_UNIT/Logic_Flag_reg_reg
  Impl DFF        Imp:/WORK/System_top/u_ALU_TOP/U_LOGIC_UNIT/Logic_Flag_reg_reg

  Ref  DFF        Ref:/WORK/System_top/u_ALU_TOP/U_LOGIC_UNIT/Logic_OUT_reg_reg[0]
  Impl DFF        Imp:/WORK/System_top/u_ALU_TOP/U_LOGIC_UNIT/Logic_OUT_reg_reg[0]

  Ref  DFF        Ref:/WORK/System_top/u_ALU_TOP/U_LOGIC_UNIT/Logic_OUT_reg_reg[1]
  Impl DFF        Imp:/WORK/System_top/u_ALU_TOP/U_LOGIC_UNIT/Logic_OUT_reg_reg[1]

  Ref  DFF        Ref:/WORK/System_top/u_ALU_TOP/U_LOGIC_UNIT/Logic_OUT_reg_reg[2]
  Impl DFF        Imp:/WORK/System_top/u_ALU_TOP/U_LOGIC_UNIT/Logic_OUT_reg_reg[2]

  Ref  DFF        Ref:/WORK/System_top/u_ALU_TOP/U_LOGIC_UNIT/Logic_OUT_reg_reg[3]
  Impl DFF        Imp:/WORK/System_top/u_ALU_TOP/U_LOGIC_UNIT/Logic_OUT_reg_reg[3]

  Ref  DFF        Ref:/WORK/System_top/u_ALU_TOP/U_LOGIC_UNIT/Logic_OUT_reg_reg[4]
  Impl DFF        Imp:/WORK/System_top/u_ALU_TOP/U_LOGIC_UNIT/Logic_OUT_reg_reg[4]

  Ref  DFF        Ref:/WORK/System_top/u_ALU_TOP/U_LOGIC_UNIT/Logic_OUT_reg_reg[5]
  Impl DFF        Imp:/WORK/System_top/u_ALU_TOP/U_LOGIC_UNIT/Logic_OUT_reg_reg[5]

  Ref  DFF        Ref:/WORK/System_top/u_ALU_TOP/U_LOGIC_UNIT/Logic_OUT_reg_reg[6]
  Impl DFF        Imp:/WORK/System_top/u_ALU_TOP/U_LOGIC_UNIT/Logic_OUT_reg_reg[6]

  Ref  DFF        Ref:/WORK/System_top/u_ALU_TOP/U_LOGIC_UNIT/Logic_OUT_reg_reg[7]
  Impl DFF        Imp:/WORK/System_top/u_ALU_TOP/U_LOGIC_UNIT/Logic_OUT_reg_reg[7]

  Ref  DFF        Ref:/WORK/System_top/u_ALU_TOP/U_SHIFT_UNIT/SHIFT_Flag_reg_reg
  Impl DFF        Imp:/WORK/System_top/u_ALU_TOP/U_SHIFT_UNIT/SHIFT_Flag_reg_reg

  Ref  DFF        Ref:/WORK/System_top/u_ALU_TOP/U_SHIFT_UNIT/SHIFT_OUT_reg_reg[0]
  Impl DFF        Imp:/WORK/System_top/u_ALU_TOP/U_SHIFT_UNIT/SHIFT_OUT_reg_reg[0]

  Ref  DFF        Ref:/WORK/System_top/u_ALU_TOP/U_SHIFT_UNIT/SHIFT_OUT_reg_reg[1]
  Impl DFF        Imp:/WORK/System_top/u_ALU_TOP/U_SHIFT_UNIT/SHIFT_OUT_reg_reg[1]

  Ref  DFF        Ref:/WORK/System_top/u_ALU_TOP/U_SHIFT_UNIT/SHIFT_OUT_reg_reg[2]
  Impl DFF        Imp:/WORK/System_top/u_ALU_TOP/U_SHIFT_UNIT/SHIFT_OUT_reg_reg[2]

  Ref  DFF        Ref:/WORK/System_top/u_ALU_TOP/U_SHIFT_UNIT/SHIFT_OUT_reg_reg[3]
  Impl DFF        Imp:/WORK/System_top/u_ALU_TOP/U_SHIFT_UNIT/SHIFT_OUT_reg_reg[3]

  Ref  DFF        Ref:/WORK/System_top/u_ALU_TOP/U_SHIFT_UNIT/SHIFT_OUT_reg_reg[4]
  Impl DFF        Imp:/WORK/System_top/u_ALU_TOP/U_SHIFT_UNIT/SHIFT_OUT_reg_reg[4]

  Ref  DFF        Ref:/WORK/System_top/u_ALU_TOP/U_SHIFT_UNIT/SHIFT_OUT_reg_reg[5]
  Impl DFF        Imp:/WORK/System_top/u_ALU_TOP/U_SHIFT_UNIT/SHIFT_OUT_reg_reg[5]

  Ref  DFF        Ref:/WORK/System_top/u_ALU_TOP/U_SHIFT_UNIT/SHIFT_OUT_reg_reg[6]
  Impl DFF        Imp:/WORK/System_top/u_ALU_TOP/U_SHIFT_UNIT/SHIFT_OUT_reg_reg[6]

  Ref  DFF        Ref:/WORK/System_top/u_ALU_TOP/U_SHIFT_UNIT/SHIFT_OUT_reg_reg[7]
  Impl DFF        Imp:/WORK/System_top/u_ALU_TOP/U_SHIFT_UNIT/SHIFT_OUT_reg_reg[7]

  Ref  DFF        Ref:/WORK/System_top/u_BIT_SYNC/MULT_FLOP_SYNC_reg[0]
  Impl DFF        Imp:/WORK/System_top/u_BIT_SYNC/MULT_FLOP_SYNC_reg[0]

  Ref  DFF        Ref:/WORK/System_top/u_BIT_SYNC/SYNC_reg
  Impl DFF        Imp:/WORK/System_top/u_BIT_SYNC/SYNC_reg

  Ref  DFF        Ref:/WORK/System_top/u_REG_FILE/RdData_reg[0]
  Impl DFF        Imp:/WORK/System_top/u_REG_FILE/RdData_reg[0]

  Ref  DFF        Ref:/WORK/System_top/u_REG_FILE/RdData_reg[1]
  Impl DFF        Imp:/WORK/System_top/u_REG_FILE/RdData_reg[1]

  Ref  DFF        Ref:/WORK/System_top/u_REG_FILE/RdData_reg[2]
  Impl DFF        Imp:/WORK/System_top/u_REG_FILE/RdData_reg[2]

  Ref  DFF        Ref:/WORK/System_top/u_REG_FILE/RdData_reg[3]
  Impl DFF        Imp:/WORK/System_top/u_REG_FILE/RdData_reg[3]

  Ref  DFF        Ref:/WORK/System_top/u_REG_FILE/RdData_reg[4]
  Impl DFF        Imp:/WORK/System_top/u_REG_FILE/RdData_reg[4]

  Ref  DFF        Ref:/WORK/System_top/u_REG_FILE/RdData_reg[5]
  Impl DFF        Imp:/WORK/System_top/u_REG_FILE/RdData_reg[5]

  Ref  DFF        Ref:/WORK/System_top/u_REG_FILE/RdData_reg[6]
  Impl DFF        Imp:/WORK/System_top/u_REG_FILE/RdData_reg[6]

  Ref  DFF        Ref:/WORK/System_top/u_REG_FILE/RdData_reg[7]
  Impl DFF        Imp:/WORK/System_top/u_REG_FILE/RdData_reg[7]

  Ref  DFF        Ref:/WORK/System_top/u_REG_FILE/Rd_VLD_reg
  Impl DFF        Imp:/WORK/System_top/u_REG_FILE/Rd_VLD_reg

  Ref  DFF        Ref:/WORK/System_top/u_REG_FILE/Reg_File_reg[0][0]
  Impl DFF        Imp:/WORK/System_top/u_REG_FILE/Reg_File_reg[0][0]

  Ref  DFF        Ref:/WORK/System_top/u_REG_FILE/Reg_File_reg[0][1]
  Impl DFF        Imp:/WORK/System_top/u_REG_FILE/Reg_File_reg[0][1]

  Ref  DFF        Ref:/WORK/System_top/u_REG_FILE/Reg_File_reg[0][2]
  Impl DFF        Imp:/WORK/System_top/u_REG_FILE/Reg_File_reg[0][2]

  Ref  DFF        Ref:/WORK/System_top/u_REG_FILE/Reg_File_reg[0][3]
  Impl DFF        Imp:/WORK/System_top/u_REG_FILE/Reg_File_reg[0][3]

  Ref  DFF        Ref:/WORK/System_top/u_REG_FILE/Reg_File_reg[0][4]
  Impl DFF        Imp:/WORK/System_top/u_REG_FILE/Reg_File_reg[0][4]

  Ref  DFF        Ref:/WORK/System_top/u_REG_FILE/Reg_File_reg[0][5]
  Impl DFF        Imp:/WORK/System_top/u_REG_FILE/Reg_File_reg[0][5]

  Ref  DFF        Ref:/WORK/System_top/u_REG_FILE/Reg_File_reg[0][6]
  Impl DFF        Imp:/WORK/System_top/u_REG_FILE/Reg_File_reg[0][6]

  Ref  DFF        Ref:/WORK/System_top/u_REG_FILE/Reg_File_reg[0][7]
  Impl DFF        Imp:/WORK/System_top/u_REG_FILE/Reg_File_reg[0][7]

  Ref  DFF        Ref:/WORK/System_top/u_REG_FILE/Reg_File_reg[10][0]
  Impl DFF        Imp:/WORK/System_top/u_REG_FILE/Reg_File_reg[10][0]

  Ref  DFF        Ref:/WORK/System_top/u_REG_FILE/Reg_File_reg[10][1]
  Impl DFF        Imp:/WORK/System_top/u_REG_FILE/Reg_File_reg[10][1]

  Ref  DFF        Ref:/WORK/System_top/u_REG_FILE/Reg_File_reg[10][2]
  Impl DFF        Imp:/WORK/System_top/u_REG_FILE/Reg_File_reg[10][2]

  Ref  DFF        Ref:/WORK/System_top/u_REG_FILE/Reg_File_reg[10][3]
  Impl DFF        Imp:/WORK/System_top/u_REG_FILE/Reg_File_reg[10][3]

  Ref  DFF        Ref:/WORK/System_top/u_REG_FILE/Reg_File_reg[10][4]
  Impl DFF        Imp:/WORK/System_top/u_REG_FILE/Reg_File_reg[10][4]

  Ref  DFF        Ref:/WORK/System_top/u_REG_FILE/Reg_File_reg[10][5]
  Impl DFF        Imp:/WORK/System_top/u_REG_FILE/Reg_File_reg[10][5]

  Ref  DFF        Ref:/WORK/System_top/u_REG_FILE/Reg_File_reg[10][6]
  Impl DFF        Imp:/WORK/System_top/u_REG_FILE/Reg_File_reg[10][6]

  Ref  DFF        Ref:/WORK/System_top/u_REG_FILE/Reg_File_reg[10][7]
  Impl DFF        Imp:/WORK/System_top/u_REG_FILE/Reg_File_reg[10][7]

  Ref  DFF        Ref:/WORK/System_top/u_REG_FILE/Reg_File_reg[11][0]
  Impl DFF        Imp:/WORK/System_top/u_REG_FILE/Reg_File_reg[11][0]

  Ref  DFF        Ref:/WORK/System_top/u_REG_FILE/Reg_File_reg[11][1]
  Impl DFF        Imp:/WORK/System_top/u_REG_FILE/Reg_File_reg[11][1]

  Ref  DFF        Ref:/WORK/System_top/u_REG_FILE/Reg_File_reg[11][2]
  Impl DFF        Imp:/WORK/System_top/u_REG_FILE/Reg_File_reg[11][2]

  Ref  DFF        Ref:/WORK/System_top/u_REG_FILE/Reg_File_reg[11][3]
  Impl DFF        Imp:/WORK/System_top/u_REG_FILE/Reg_File_reg[11][3]

  Ref  DFF        Ref:/WORK/System_top/u_REG_FILE/Reg_File_reg[11][4]
  Impl DFF        Imp:/WORK/System_top/u_REG_FILE/Reg_File_reg[11][4]

  Ref  DFF        Ref:/WORK/System_top/u_REG_FILE/Reg_File_reg[11][5]
  Impl DFF        Imp:/WORK/System_top/u_REG_FILE/Reg_File_reg[11][5]

  Ref  DFF        Ref:/WORK/System_top/u_REG_FILE/Reg_File_reg[11][6]
  Impl DFF        Imp:/WORK/System_top/u_REG_FILE/Reg_File_reg[11][6]

  Ref  DFF        Ref:/WORK/System_top/u_REG_FILE/Reg_File_reg[11][7]
  Impl DFF        Imp:/WORK/System_top/u_REG_FILE/Reg_File_reg[11][7]

  Ref  DFF        Ref:/WORK/System_top/u_REG_FILE/Reg_File_reg[12][0]
  Impl DFF        Imp:/WORK/System_top/u_REG_FILE/Reg_File_reg[12][0]

  Ref  DFF        Ref:/WORK/System_top/u_REG_FILE/Reg_File_reg[12][1]
  Impl DFF        Imp:/WORK/System_top/u_REG_FILE/Reg_File_reg[12][1]

  Ref  DFF        Ref:/WORK/System_top/u_REG_FILE/Reg_File_reg[12][2]
  Impl DFF        Imp:/WORK/System_top/u_REG_FILE/Reg_File_reg[12][2]

  Ref  DFF        Ref:/WORK/System_top/u_REG_FILE/Reg_File_reg[12][3]
  Impl DFF        Imp:/WORK/System_top/u_REG_FILE/Reg_File_reg[12][3]

  Ref  DFF        Ref:/WORK/System_top/u_REG_FILE/Reg_File_reg[12][4]
  Impl DFF        Imp:/WORK/System_top/u_REG_FILE/Reg_File_reg[12][4]

  Ref  DFF        Ref:/WORK/System_top/u_REG_FILE/Reg_File_reg[12][5]
  Impl DFF        Imp:/WORK/System_top/u_REG_FILE/Reg_File_reg[12][5]

  Ref  DFF        Ref:/WORK/System_top/u_REG_FILE/Reg_File_reg[12][6]
  Impl DFF        Imp:/WORK/System_top/u_REG_FILE/Reg_File_reg[12][6]

  Ref  DFF        Ref:/WORK/System_top/u_REG_FILE/Reg_File_reg[12][7]
  Impl DFF        Imp:/WORK/System_top/u_REG_FILE/Reg_File_reg[12][7]

  Ref  DFF        Ref:/WORK/System_top/u_REG_FILE/Reg_File_reg[13][0]
  Impl DFF        Imp:/WORK/System_top/u_REG_FILE/Reg_File_reg[13][0]

  Ref  DFF        Ref:/WORK/System_top/u_REG_FILE/Reg_File_reg[13][1]
  Impl DFF        Imp:/WORK/System_top/u_REG_FILE/Reg_File_reg[13][1]

  Ref  DFF        Ref:/WORK/System_top/u_REG_FILE/Reg_File_reg[13][2]
  Impl DFF        Imp:/WORK/System_top/u_REG_FILE/Reg_File_reg[13][2]

  Ref  DFF        Ref:/WORK/System_top/u_REG_FILE/Reg_File_reg[13][3]
  Impl DFF        Imp:/WORK/System_top/u_REG_FILE/Reg_File_reg[13][3]

  Ref  DFF        Ref:/WORK/System_top/u_REG_FILE/Reg_File_reg[13][4]
  Impl DFF        Imp:/WORK/System_top/u_REG_FILE/Reg_File_reg[13][4]

  Ref  DFF        Ref:/WORK/System_top/u_REG_FILE/Reg_File_reg[13][5]
  Impl DFF        Imp:/WORK/System_top/u_REG_FILE/Reg_File_reg[13][5]

  Ref  DFF        Ref:/WORK/System_top/u_REG_FILE/Reg_File_reg[13][6]
  Impl DFF        Imp:/WORK/System_top/u_REG_FILE/Reg_File_reg[13][6]

  Ref  DFF        Ref:/WORK/System_top/u_REG_FILE/Reg_File_reg[13][7]
  Impl DFF        Imp:/WORK/System_top/u_REG_FILE/Reg_File_reg[13][7]

  Ref  DFF        Ref:/WORK/System_top/u_REG_FILE/Reg_File_reg[14][0]
  Impl DFF        Imp:/WORK/System_top/u_REG_FILE/Reg_File_reg[14][0]

  Ref  DFF        Ref:/WORK/System_top/u_REG_FILE/Reg_File_reg[14][1]
  Impl DFF        Imp:/WORK/System_top/u_REG_FILE/Reg_File_reg[14][1]

  Ref  DFF        Ref:/WORK/System_top/u_REG_FILE/Reg_File_reg[14][2]
  Impl DFF        Imp:/WORK/System_top/u_REG_FILE/Reg_File_reg[14][2]

  Ref  DFF        Ref:/WORK/System_top/u_REG_FILE/Reg_File_reg[14][3]
  Impl DFF        Imp:/WORK/System_top/u_REG_FILE/Reg_File_reg[14][3]

  Ref  DFF        Ref:/WORK/System_top/u_REG_FILE/Reg_File_reg[14][4]
  Impl DFF        Imp:/WORK/System_top/u_REG_FILE/Reg_File_reg[14][4]

  Ref  DFF        Ref:/WORK/System_top/u_REG_FILE/Reg_File_reg[14][5]
  Impl DFF        Imp:/WORK/System_top/u_REG_FILE/Reg_File_reg[14][5]

  Ref  DFF        Ref:/WORK/System_top/u_REG_FILE/Reg_File_reg[14][6]
  Impl DFF        Imp:/WORK/System_top/u_REG_FILE/Reg_File_reg[14][6]

  Ref  DFF        Ref:/WORK/System_top/u_REG_FILE/Reg_File_reg[14][7]
  Impl DFF        Imp:/WORK/System_top/u_REG_FILE/Reg_File_reg[14][7]

  Ref  DFF        Ref:/WORK/System_top/u_REG_FILE/Reg_File_reg[15][0]
  Impl DFF        Imp:/WORK/System_top/u_REG_FILE/Reg_File_reg[15][0]

  Ref  DFF        Ref:/WORK/System_top/u_REG_FILE/Reg_File_reg[15][1]
  Impl DFF        Imp:/WORK/System_top/u_REG_FILE/Reg_File_reg[15][1]

  Ref  DFF        Ref:/WORK/System_top/u_REG_FILE/Reg_File_reg[15][2]
  Impl DFF        Imp:/WORK/System_top/u_REG_FILE/Reg_File_reg[15][2]

  Ref  DFF        Ref:/WORK/System_top/u_REG_FILE/Reg_File_reg[15][3]
  Impl DFF        Imp:/WORK/System_top/u_REG_FILE/Reg_File_reg[15][3]

  Ref  DFF        Ref:/WORK/System_top/u_REG_FILE/Reg_File_reg[15][4]
  Impl DFF        Imp:/WORK/System_top/u_REG_FILE/Reg_File_reg[15][4]

  Ref  DFF        Ref:/WORK/System_top/u_REG_FILE/Reg_File_reg[15][5]
  Impl DFF        Imp:/WORK/System_top/u_REG_FILE/Reg_File_reg[15][5]

  Ref  DFF        Ref:/WORK/System_top/u_REG_FILE/Reg_File_reg[15][6]
  Impl DFF        Imp:/WORK/System_top/u_REG_FILE/Reg_File_reg[15][6]

  Ref  DFF        Ref:/WORK/System_top/u_REG_FILE/Reg_File_reg[15][7]
  Impl DFF        Imp:/WORK/System_top/u_REG_FILE/Reg_File_reg[15][7]

  Ref  DFF        Ref:/WORK/System_top/u_REG_FILE/Reg_File_reg[1][0]
  Impl DFF        Imp:/WORK/System_top/u_REG_FILE/Reg_File_reg[1][0]

  Ref  DFF        Ref:/WORK/System_top/u_REG_FILE/Reg_File_reg[1][1]
  Impl DFF        Imp:/WORK/System_top/u_REG_FILE/Reg_File_reg[1][1]

  Ref  DFF        Ref:/WORK/System_top/u_REG_FILE/Reg_File_reg[1][2]
  Impl DFF        Imp:/WORK/System_top/u_REG_FILE/Reg_File_reg[1][2]

  Ref  DFF        Ref:/WORK/System_top/u_REG_FILE/Reg_File_reg[1][3]
  Impl DFF        Imp:/WORK/System_top/u_REG_FILE/Reg_File_reg[1][3]

  Ref  DFF        Ref:/WORK/System_top/u_REG_FILE/Reg_File_reg[1][4]
  Impl DFF        Imp:/WORK/System_top/u_REG_FILE/Reg_File_reg[1][4]

  Ref  DFF        Ref:/WORK/System_top/u_REG_FILE/Reg_File_reg[1][5]
  Impl DFF        Imp:/WORK/System_top/u_REG_FILE/Reg_File_reg[1][5]

  Ref  DFF        Ref:/WORK/System_top/u_REG_FILE/Reg_File_reg[1][6]
  Impl DFF        Imp:/WORK/System_top/u_REG_FILE/Reg_File_reg[1][6]

  Ref  DFF        Ref:/WORK/System_top/u_REG_FILE/Reg_File_reg[1][7]
  Impl DFF        Imp:/WORK/System_top/u_REG_FILE/Reg_File_reg[1][7]

  Ref  DFF        Ref:/WORK/System_top/u_REG_FILE/Reg_File_reg[2][0]
  Impl DFF        Imp:/WORK/System_top/u_REG_FILE/Reg_File_reg[2][0]

  Ref  DFF        Ref:/WORK/System_top/u_REG_FILE/Reg_File_reg[2][1]
  Impl DFF        Imp:/WORK/System_top/u_REG_FILE/Reg_File_reg[2][1]

  Ref  DFF        Ref:/WORK/System_top/u_REG_FILE/Reg_File_reg[2][2]
  Impl DFF        Imp:/WORK/System_top/u_REG_FILE/Reg_File_reg[2][2]

  Ref  DFF        Ref:/WORK/System_top/u_REG_FILE/Reg_File_reg[2][3]
  Impl DFF        Imp:/WORK/System_top/u_REG_FILE/Reg_File_reg[2][3]

  Ref  DFF        Ref:/WORK/System_top/u_REG_FILE/Reg_File_reg[2][4]
  Impl DFF        Imp:/WORK/System_top/u_REG_FILE/Reg_File_reg[2][4]

  Ref  DFF        Ref:/WORK/System_top/u_REG_FILE/Reg_File_reg[2][5]
  Impl DFF        Imp:/WORK/System_top/u_REG_FILE/Reg_File_reg[2][5]

  Ref  DFF        Ref:/WORK/System_top/u_REG_FILE/Reg_File_reg[2][6]
  Impl DFF        Imp:/WORK/System_top/u_REG_FILE/Reg_File_reg[2][6]

  Ref  DFF        Ref:/WORK/System_top/u_REG_FILE/Reg_File_reg[2][7]
  Impl DFF        Imp:/WORK/System_top/u_REG_FILE/Reg_File_reg[2][7]

  Ref  DFF        Ref:/WORK/System_top/u_REG_FILE/Reg_File_reg[3][0]
  Impl DFF        Imp:/WORK/System_top/u_REG_FILE/Reg_File_reg[3][0]

  Ref  DFF        Ref:/WORK/System_top/u_REG_FILE/Reg_File_reg[3][1]
  Impl DFF        Imp:/WORK/System_top/u_REG_FILE/Reg_File_reg[3][1]

  Ref  DFF        Ref:/WORK/System_top/u_REG_FILE/Reg_File_reg[3][2]
  Impl DFF        Imp:/WORK/System_top/u_REG_FILE/Reg_File_reg[3][2]

  Ref  DFF        Ref:/WORK/System_top/u_REG_FILE/Reg_File_reg[3][3]
  Impl DFF        Imp:/WORK/System_top/u_REG_FILE/Reg_File_reg[3][3]

  Ref  DFF        Ref:/WORK/System_top/u_REG_FILE/Reg_File_reg[3][4]
  Impl DFF        Imp:/WORK/System_top/u_REG_FILE/Reg_File_reg[3][4]

  Ref  DFF        Ref:/WORK/System_top/u_REG_FILE/Reg_File_reg[3][5]
  Impl DFF        Imp:/WORK/System_top/u_REG_FILE/Reg_File_reg[3][5]

  Ref  DFF        Ref:/WORK/System_top/u_REG_FILE/Reg_File_reg[3][6]
  Impl DFF        Imp:/WORK/System_top/u_REG_FILE/Reg_File_reg[3][6]

  Ref  DFF        Ref:/WORK/System_top/u_REG_FILE/Reg_File_reg[3][7]
  Impl DFF        Imp:/WORK/System_top/u_REG_FILE/Reg_File_reg[3][7]

  Ref  DFF        Ref:/WORK/System_top/u_REG_FILE/Reg_File_reg[4][0]
  Impl DFF        Imp:/WORK/System_top/u_REG_FILE/Reg_File_reg[4][0]

  Ref  DFF        Ref:/WORK/System_top/u_REG_FILE/Reg_File_reg[4][1]
  Impl DFF        Imp:/WORK/System_top/u_REG_FILE/Reg_File_reg[4][1]

  Ref  DFF        Ref:/WORK/System_top/u_REG_FILE/Reg_File_reg[4][2]
  Impl DFF        Imp:/WORK/System_top/u_REG_FILE/Reg_File_reg[4][2]

  Ref  DFF        Ref:/WORK/System_top/u_REG_FILE/Reg_File_reg[4][3]
  Impl DFF        Imp:/WORK/System_top/u_REG_FILE/Reg_File_reg[4][3]

  Ref  DFF        Ref:/WORK/System_top/u_REG_FILE/Reg_File_reg[4][4]
  Impl DFF        Imp:/WORK/System_top/u_REG_FILE/Reg_File_reg[4][4]

  Ref  DFF        Ref:/WORK/System_top/u_REG_FILE/Reg_File_reg[4][5]
  Impl DFF        Imp:/WORK/System_top/u_REG_FILE/Reg_File_reg[4][5]

  Ref  DFF        Ref:/WORK/System_top/u_REG_FILE/Reg_File_reg[4][6]
  Impl DFF        Imp:/WORK/System_top/u_REG_FILE/Reg_File_reg[4][6]

  Ref  DFF        Ref:/WORK/System_top/u_REG_FILE/Reg_File_reg[4][7]
  Impl DFF        Imp:/WORK/System_top/u_REG_FILE/Reg_File_reg[4][7]

  Ref  DFF        Ref:/WORK/System_top/u_REG_FILE/Reg_File_reg[5][0]
  Impl DFF        Imp:/WORK/System_top/u_REG_FILE/Reg_File_reg[5][0]

  Ref  DFF        Ref:/WORK/System_top/u_REG_FILE/Reg_File_reg[5][1]
  Impl DFF        Imp:/WORK/System_top/u_REG_FILE/Reg_File_reg[5][1]

  Ref  DFF        Ref:/WORK/System_top/u_REG_FILE/Reg_File_reg[5][2]
  Impl DFF        Imp:/WORK/System_top/u_REG_FILE/Reg_File_reg[5][2]

  Ref  DFF        Ref:/WORK/System_top/u_REG_FILE/Reg_File_reg[5][3]
  Impl DFF        Imp:/WORK/System_top/u_REG_FILE/Reg_File_reg[5][3]

  Ref  DFF        Ref:/WORK/System_top/u_REG_FILE/Reg_File_reg[5][4]
  Impl DFF        Imp:/WORK/System_top/u_REG_FILE/Reg_File_reg[5][4]

  Ref  DFF        Ref:/WORK/System_top/u_REG_FILE/Reg_File_reg[5][5]
  Impl DFF        Imp:/WORK/System_top/u_REG_FILE/Reg_File_reg[5][5]

  Ref  DFF        Ref:/WORK/System_top/u_REG_FILE/Reg_File_reg[5][6]
  Impl DFF        Imp:/WORK/System_top/u_REG_FILE/Reg_File_reg[5][6]

  Ref  DFF        Ref:/WORK/System_top/u_REG_FILE/Reg_File_reg[5][7]
  Impl DFF        Imp:/WORK/System_top/u_REG_FILE/Reg_File_reg[5][7]

  Ref  DFF        Ref:/WORK/System_top/u_REG_FILE/Reg_File_reg[6][0]
  Impl DFF        Imp:/WORK/System_top/u_REG_FILE/Reg_File_reg[6][0]

  Ref  DFF        Ref:/WORK/System_top/u_REG_FILE/Reg_File_reg[6][1]
  Impl DFF        Imp:/WORK/System_top/u_REG_FILE/Reg_File_reg[6][1]

  Ref  DFF        Ref:/WORK/System_top/u_REG_FILE/Reg_File_reg[6][2]
  Impl DFF        Imp:/WORK/System_top/u_REG_FILE/Reg_File_reg[6][2]

  Ref  DFF        Ref:/WORK/System_top/u_REG_FILE/Reg_File_reg[6][3]
  Impl DFF        Imp:/WORK/System_top/u_REG_FILE/Reg_File_reg[6][3]

  Ref  DFF        Ref:/WORK/System_top/u_REG_FILE/Reg_File_reg[6][4]
  Impl DFF        Imp:/WORK/System_top/u_REG_FILE/Reg_File_reg[6][4]

  Ref  DFF        Ref:/WORK/System_top/u_REG_FILE/Reg_File_reg[6][5]
  Impl DFF        Imp:/WORK/System_top/u_REG_FILE/Reg_File_reg[6][5]

  Ref  DFF        Ref:/WORK/System_top/u_REG_FILE/Reg_File_reg[6][6]
  Impl DFF        Imp:/WORK/System_top/u_REG_FILE/Reg_File_reg[6][6]

  Ref  DFF        Ref:/WORK/System_top/u_REG_FILE/Reg_File_reg[6][7]
  Impl DFF        Imp:/WORK/System_top/u_REG_FILE/Reg_File_reg[6][7]

  Ref  DFF        Ref:/WORK/System_top/u_REG_FILE/Reg_File_reg[7][0]
  Impl DFF        Imp:/WORK/System_top/u_REG_FILE/Reg_File_reg[7][0]

  Ref  DFF        Ref:/WORK/System_top/u_REG_FILE/Reg_File_reg[7][1]
  Impl DFF        Imp:/WORK/System_top/u_REG_FILE/Reg_File_reg[7][1]

  Ref  DFF        Ref:/WORK/System_top/u_REG_FILE/Reg_File_reg[7][2]
  Impl DFF        Imp:/WORK/System_top/u_REG_FILE/Reg_File_reg[7][2]

  Ref  DFF        Ref:/WORK/System_top/u_REG_FILE/Reg_File_reg[7][3]
  Impl DFF        Imp:/WORK/System_top/u_REG_FILE/Reg_File_reg[7][3]

  Ref  DFF        Ref:/WORK/System_top/u_REG_FILE/Reg_File_reg[7][4]
  Impl DFF        Imp:/WORK/System_top/u_REG_FILE/Reg_File_reg[7][4]

  Ref  DFF        Ref:/WORK/System_top/u_REG_FILE/Reg_File_reg[7][5]
  Impl DFF        Imp:/WORK/System_top/u_REG_FILE/Reg_File_reg[7][5]

  Ref  DFF        Ref:/WORK/System_top/u_REG_FILE/Reg_File_reg[7][6]
  Impl DFF        Imp:/WORK/System_top/u_REG_FILE/Reg_File_reg[7][6]

  Ref  DFF        Ref:/WORK/System_top/u_REG_FILE/Reg_File_reg[7][7]
  Impl DFF        Imp:/WORK/System_top/u_REG_FILE/Reg_File_reg[7][7]

  Ref  DFF        Ref:/WORK/System_top/u_REG_FILE/Reg_File_reg[8][0]
  Impl DFF        Imp:/WORK/System_top/u_REG_FILE/Reg_File_reg[8][0]

  Ref  DFF        Ref:/WORK/System_top/u_REG_FILE/Reg_File_reg[8][1]
  Impl DFF        Imp:/WORK/System_top/u_REG_FILE/Reg_File_reg[8][1]

  Ref  DFF        Ref:/WORK/System_top/u_REG_FILE/Reg_File_reg[8][2]
  Impl DFF        Imp:/WORK/System_top/u_REG_FILE/Reg_File_reg[8][2]

  Ref  DFF        Ref:/WORK/System_top/u_REG_FILE/Reg_File_reg[8][3]
  Impl DFF        Imp:/WORK/System_top/u_REG_FILE/Reg_File_reg[8][3]

  Ref  DFF        Ref:/WORK/System_top/u_REG_FILE/Reg_File_reg[8][4]
  Impl DFF        Imp:/WORK/System_top/u_REG_FILE/Reg_File_reg[8][4]

  Ref  DFF        Ref:/WORK/System_top/u_REG_FILE/Reg_File_reg[8][5]
  Impl DFF        Imp:/WORK/System_top/u_REG_FILE/Reg_File_reg[8][5]

  Ref  DFF        Ref:/WORK/System_top/u_REG_FILE/Reg_File_reg[8][6]
  Impl DFF        Imp:/WORK/System_top/u_REG_FILE/Reg_File_reg[8][6]

  Ref  DFF        Ref:/WORK/System_top/u_REG_FILE/Reg_File_reg[8][7]
  Impl DFF        Imp:/WORK/System_top/u_REG_FILE/Reg_File_reg[8][7]

  Ref  DFF        Ref:/WORK/System_top/u_REG_FILE/Reg_File_reg[9][0]
  Impl DFF        Imp:/WORK/System_top/u_REG_FILE/Reg_File_reg[9][0]

  Ref  DFF        Ref:/WORK/System_top/u_REG_FILE/Reg_File_reg[9][1]
  Impl DFF        Imp:/WORK/System_top/u_REG_FILE/Reg_File_reg[9][1]

  Ref  DFF        Ref:/WORK/System_top/u_REG_FILE/Reg_File_reg[9][2]
  Impl DFF        Imp:/WORK/System_top/u_REG_FILE/Reg_File_reg[9][2]

  Ref  DFF        Ref:/WORK/System_top/u_REG_FILE/Reg_File_reg[9][3]
  Impl DFF        Imp:/WORK/System_top/u_REG_FILE/Reg_File_reg[9][3]

  Ref  DFF        Ref:/WORK/System_top/u_REG_FILE/Reg_File_reg[9][4]
  Impl DFF        Imp:/WORK/System_top/u_REG_FILE/Reg_File_reg[9][4]

  Ref  DFF        Ref:/WORK/System_top/u_REG_FILE/Reg_File_reg[9][5]
  Impl DFF        Imp:/WORK/System_top/u_REG_FILE/Reg_File_reg[9][5]

  Ref  DFF        Ref:/WORK/System_top/u_REG_FILE/Reg_File_reg[9][6]
  Impl DFF        Imp:/WORK/System_top/u_REG_FILE/Reg_File_reg[9][6]

  Ref  DFF        Ref:/WORK/System_top/u_REG_FILE/Reg_File_reg[9][7]
  Impl DFF        Imp:/WORK/System_top/u_REG_FILE/Reg_File_reg[9][7]

  Ref  DFF        Ref:/WORK/System_top/u_RST_1_SYNC/MULT_FLOP_SYNC_reg[0]
  Impl DFF        Imp:/WORK/System_top/u_RST_1_SYNC/MULT_FLOP_SYNC_reg[0]

  Ref  DFF        Ref:/WORK/System_top/u_RST_1_SYNC/SYNC_RST_reg
  Impl DFF        Imp:/WORK/System_top/u_RST_1_SYNC/SYNC_RST_reg

  Ref  DFF        Ref:/WORK/System_top/u_RST_2_SYNC/MULT_FLOP_SYNC_reg[0]
  Impl DFF        Imp:/WORK/System_top/u_RST_2_SYNC/MULT_FLOP_SYNC_reg[0]

  Ref  DFF        Ref:/WORK/System_top/u_RST_2_SYNC/SYNC_RST_reg
  Impl DFF        Imp:/WORK/System_top/u_RST_2_SYNC/SYNC_RST_reg

  Ref  DFF        Ref:/WORK/System_top/u_RX_2_SYSCTRL_DATA_SYNC/MULT_FLOP_SYNC_reg[0]
  Impl DFF        Imp:/WORK/System_top/u_RX_2_SYSCTRL_DATA_SYNC/MULT_FLOP_SYNC_reg[0]

  Ref  DFF        Ref:/WORK/System_top/u_RX_2_SYSCTRL_DATA_SYNC/MULT_FLOP_SYNC_reg[1]
  Impl DFF        Imp:/WORK/System_top/u_RX_2_SYSCTRL_DATA_SYNC/MULT_FLOP_SYNC_reg[1]

  Ref  DFF        Ref:/WORK/System_top/u_RX_2_SYSCTRL_DATA_SYNC/SYNC_enable_reg
  Impl DFF        Imp:/WORK/System_top/u_RX_2_SYSCTRL_DATA_SYNC/SYNC_enable_reg

  Ref  DFF        Ref:/WORK/System_top/u_RX_2_SYSCTRL_DATA_SYNC/enable_pulse_reg
  Impl DFF        Imp:/WORK/System_top/u_RX_2_SYSCTRL_DATA_SYNC/enable_pulse_reg

  Ref  DFF        Ref:/WORK/System_top/u_RX_2_SYSCTRL_DATA_SYNC/pulse_Gen_ff_reg
  Impl DFF        Imp:/WORK/System_top/u_RX_2_SYSCTRL_DATA_SYNC/pulse_Gen_ff_reg

  Ref  DFF        Ref:/WORK/System_top/u_RX_2_SYSCTRL_DATA_SYNC/sync_bus_reg[0]
  Impl DFF        Imp:/WORK/System_top/u_RX_2_SYSCTRL_DATA_SYNC/sync_bus_reg[0]

  Ref  DFF        Ref:/WORK/System_top/u_RX_2_SYSCTRL_DATA_SYNC/sync_bus_reg[1]
  Impl DFF        Imp:/WORK/System_top/u_RX_2_SYSCTRL_DATA_SYNC/sync_bus_reg[1]

  Ref  DFF        Ref:/WORK/System_top/u_RX_2_SYSCTRL_DATA_SYNC/sync_bus_reg[2]
  Impl DFF        Imp:/WORK/System_top/u_RX_2_SYSCTRL_DATA_SYNC/sync_bus_reg[2]

  Ref  DFF        Ref:/WORK/System_top/u_RX_2_SYSCTRL_DATA_SYNC/sync_bus_reg[3]
  Impl DFF        Imp:/WORK/System_top/u_RX_2_SYSCTRL_DATA_SYNC/sync_bus_reg[3]

  Ref  DFF        Ref:/WORK/System_top/u_RX_2_SYSCTRL_DATA_SYNC/sync_bus_reg[4]
  Impl DFF        Imp:/WORK/System_top/u_RX_2_SYSCTRL_DATA_SYNC/sync_bus_reg[4]

  Ref  DFF        Ref:/WORK/System_top/u_RX_2_SYSCTRL_DATA_SYNC/sync_bus_reg[5]
  Impl DFF        Imp:/WORK/System_top/u_RX_2_SYSCTRL_DATA_SYNC/sync_bus_reg[5]

  Ref  DFF        Ref:/WORK/System_top/u_RX_2_SYSCTRL_DATA_SYNC/sync_bus_reg[6]
  Impl DFF        Imp:/WORK/System_top/u_RX_2_SYSCTRL_DATA_SYNC/sync_bus_reg[6]

  Ref  DFF        Ref:/WORK/System_top/u_RX_2_SYSCTRL_DATA_SYNC/sync_bus_reg[7]
  Impl DFF        Imp:/WORK/System_top/u_RX_2_SYSCTRL_DATA_SYNC/sync_bus_reg[7]

  Ref  DFF        Ref:/WORK/System_top/u_SYSCTRL_2_TX_DATA_SYNC/MULT_FLOP_SYNC_reg[0]
  Impl DFF        Imp:/WORK/System_top/u_SYSCTRL_2_TX_DATA_SYNC/MULT_FLOP_SYNC_reg[0]

  Ref  DFF        Ref:/WORK/System_top/u_SYSCTRL_2_TX_DATA_SYNC/MULT_FLOP_SYNC_reg[1]
  Impl DFF        Imp:/WORK/System_top/u_SYSCTRL_2_TX_DATA_SYNC/MULT_FLOP_SYNC_reg[1]

  Ref  DFF        Ref:/WORK/System_top/u_SYSCTRL_2_TX_DATA_SYNC/SYNC_enable_reg
  Impl DFF        Imp:/WORK/System_top/u_SYSCTRL_2_TX_DATA_SYNC/SYNC_enable_reg

  Ref  DFF        Ref:/WORK/System_top/u_SYSCTRL_2_TX_DATA_SYNC/enable_pulse_reg
  Impl DFF        Imp:/WORK/System_top/u_SYSCTRL_2_TX_DATA_SYNC/enable_pulse_reg

  Ref  DFF        Ref:/WORK/System_top/u_SYSCTRL_2_TX_DATA_SYNC/pulse_Gen_ff_reg
  Impl DFF        Imp:/WORK/System_top/u_SYSCTRL_2_TX_DATA_SYNC/pulse_Gen_ff_reg

  Ref  DFF        Ref:/WORK/System_top/u_SYSCTRL_2_TX_DATA_SYNC/sync_bus_reg[0]
  Impl DFF        Imp:/WORK/System_top/u_SYSCTRL_2_TX_DATA_SYNC/sync_bus_reg[0]

  Ref  DFF        Ref:/WORK/System_top/u_SYSCTRL_2_TX_DATA_SYNC/sync_bus_reg[1]
  Impl DFF        Imp:/WORK/System_top/u_SYSCTRL_2_TX_DATA_SYNC/sync_bus_reg[1]

  Ref  DFF        Ref:/WORK/System_top/u_SYSCTRL_2_TX_DATA_SYNC/sync_bus_reg[2]
  Impl DFF        Imp:/WORK/System_top/u_SYSCTRL_2_TX_DATA_SYNC/sync_bus_reg[2]

  Ref  DFF        Ref:/WORK/System_top/u_SYSCTRL_2_TX_DATA_SYNC/sync_bus_reg[3]
  Impl DFF        Imp:/WORK/System_top/u_SYSCTRL_2_TX_DATA_SYNC/sync_bus_reg[3]

  Ref  DFF        Ref:/WORK/System_top/u_SYSCTRL_2_TX_DATA_SYNC/sync_bus_reg[4]
  Impl DFF        Imp:/WORK/System_top/u_SYSCTRL_2_TX_DATA_SYNC/sync_bus_reg[4]

  Ref  DFF        Ref:/WORK/System_top/u_SYSCTRL_2_TX_DATA_SYNC/sync_bus_reg[5]
  Impl DFF        Imp:/WORK/System_top/u_SYSCTRL_2_TX_DATA_SYNC/sync_bus_reg[5]

  Ref  DFF        Ref:/WORK/System_top/u_SYSCTRL_2_TX_DATA_SYNC/sync_bus_reg[6]
  Impl DFF        Imp:/WORK/System_top/u_SYSCTRL_2_TX_DATA_SYNC/sync_bus_reg[6]

  Ref  DFF        Ref:/WORK/System_top/u_SYSCTRL_2_TX_DATA_SYNC/sync_bus_reg[7]
  Impl DFF        Imp:/WORK/System_top/u_SYSCTRL_2_TX_DATA_SYNC/sync_bus_reg[7]

  Ref  DFF        Ref:/WORK/System_top/u_SYS_CTRL/u_FSM_1_SYS_CTRL/Addr_reg_reg[0]
  Impl DFF        Imp:/WORK/System_top/u_SYS_CTRL/u_FSM_1_SYS_CTRL/Addr_reg_reg[0]

  Ref  DFF        Ref:/WORK/System_top/u_SYS_CTRL/u_FSM_1_SYS_CTRL/Addr_reg_reg[1]
  Impl DFF        Imp:/WORK/System_top/u_SYS_CTRL/u_FSM_1_SYS_CTRL/Addr_reg_reg[1]

  Ref  DFF        Ref:/WORK/System_top/u_SYS_CTRL/u_FSM_1_SYS_CTRL/Addr_reg_reg[2]
  Impl DFF        Imp:/WORK/System_top/u_SYS_CTRL/u_FSM_1_SYS_CTRL/Addr_reg_reg[2]

  Ref  DFF        Ref:/WORK/System_top/u_SYS_CTRL/u_FSM_1_SYS_CTRL/Addr_reg_reg[3]
  Impl DFF        Imp:/WORK/System_top/u_SYS_CTRL/u_FSM_1_SYS_CTRL/Addr_reg_reg[3]

  Ref  DFF        Ref:/WORK/System_top/u_SYS_CTRL/u_FSM_1_SYS_CTRL/current_state_reg[0]
  Impl DFF        Imp:/WORK/System_top/u_SYS_CTRL/u_FSM_1_SYS_CTRL/current_state_reg[0]

  Ref  DFF        Ref:/WORK/System_top/u_SYS_CTRL/u_FSM_1_SYS_CTRL/current_state_reg[1]
  Impl DFF        Imp:/WORK/System_top/u_SYS_CTRL/u_FSM_1_SYS_CTRL/current_state_reg[1]

  Ref  DFF        Ref:/WORK/System_top/u_SYS_CTRL/u_FSM_1_SYS_CTRL/current_state_reg[2]
  Impl DFF        Imp:/WORK/System_top/u_SYS_CTRL/u_FSM_1_SYS_CTRL/current_state_reg[2]

  Ref  DFF        Ref:/WORK/System_top/u_SYS_CTRL/u_FSM_2_SYS_CTRL/current_state_reg[0]
  Impl DFF        Imp:/WORK/System_top/u_SYS_CTRL/u_FSM_2_SYS_CTRL/current_state_reg[0]

  Ref  DFF        Ref:/WORK/System_top/u_SYS_CTRL/u_FSM_2_SYS_CTRL/current_state_reg[1]
  Impl DFF        Imp:/WORK/System_top/u_SYS_CTRL/u_FSM_2_SYS_CTRL/current_state_reg[1]

  Ref  DFF        Ref:/WORK/System_top/u_SYS_CTRL/u_FSM_2_SYS_CTRL/current_state_reg[2]
  Impl DFF        Imp:/WORK/System_top/u_SYS_CTRL/u_FSM_2_SYS_CTRL/current_state_reg[2]

  Ref  DFF        Ref:/WORK/System_top/u_UART/u_UART_RX_top/u_FSM/curent_state_reg[0]
  Impl DFF        Imp:/WORK/System_top/u_UART/u_UART_RX_top/u_FSM/curent_state_reg[0]

  Ref  DFF        Ref:/WORK/System_top/u_UART/u_UART_RX_top/u_FSM/curent_state_reg[1]
  Impl DFF        Imp:/WORK/System_top/u_UART/u_UART_RX_top/u_FSM/curent_state_reg[1]

  Ref  DFF        Ref:/WORK/System_top/u_UART/u_UART_RX_top/u_FSM/curent_state_reg[2]
  Impl DFF        Imp:/WORK/System_top/u_UART/u_UART_RX_top/u_FSM/curent_state_reg[2]

  Ref  DFF        Ref:/WORK/System_top/u_UART/u_UART_RX_top/u_PAR_CHK/PAR_bit_reg
  Impl DFF        Imp:/WORK/System_top/u_UART/u_UART_RX_top/u_PAR_CHK/PAR_bit_reg

  Ref  DFF        Ref:/WORK/System_top/u_UART/u_UART_RX_top/u_PAR_CHK/TX_Par_reg
  Impl DFF        Imp:/WORK/System_top/u_UART/u_UART_RX_top/u_PAR_CHK/TX_Par_reg

  Ref  DFF        Ref:/WORK/System_top/u_UART/u_UART_RX_top/u_PAR_CHK/shift_reg_reg[0]
  Impl DFF        Imp:/WORK/System_top/u_UART/u_UART_RX_top/u_PAR_CHK/shift_reg_reg[0]

  Ref  DFF        Ref:/WORK/System_top/u_UART/u_UART_RX_top/u_PAR_CHK/shift_reg_reg[1]
  Impl DFF        Imp:/WORK/System_top/u_UART/u_UART_RX_top/u_PAR_CHK/shift_reg_reg[1]

  Ref  DFF        Ref:/WORK/System_top/u_UART/u_UART_RX_top/u_PAR_CHK/shift_reg_reg[2]
  Impl DFF        Imp:/WORK/System_top/u_UART/u_UART_RX_top/u_PAR_CHK/shift_reg_reg[2]

  Ref  DFF        Ref:/WORK/System_top/u_UART/u_UART_RX_top/u_PAR_CHK/shift_reg_reg[3]
  Impl DFF        Imp:/WORK/System_top/u_UART/u_UART_RX_top/u_PAR_CHK/shift_reg_reg[3]

  Ref  DFF        Ref:/WORK/System_top/u_UART/u_UART_RX_top/u_PAR_CHK/shift_reg_reg[4]
  Impl DFF        Imp:/WORK/System_top/u_UART/u_UART_RX_top/u_PAR_CHK/shift_reg_reg[4]

  Ref  DFF        Ref:/WORK/System_top/u_UART/u_UART_RX_top/u_PAR_CHK/shift_reg_reg[5]
  Impl DFF        Imp:/WORK/System_top/u_UART/u_UART_RX_top/u_PAR_CHK/shift_reg_reg[5]

  Ref  DFF        Ref:/WORK/System_top/u_UART/u_UART_RX_top/u_PAR_CHK/shift_reg_reg[6]
  Impl DFF        Imp:/WORK/System_top/u_UART/u_UART_RX_top/u_PAR_CHK/shift_reg_reg[6]

  Ref  DFF        Ref:/WORK/System_top/u_UART/u_UART_RX_top/u_PAR_CHK/shift_reg_reg[7]
  Impl DFF        Imp:/WORK/System_top/u_UART/u_UART_RX_top/u_PAR_CHK/shift_reg_reg[7]

  Ref  DFF        Ref:/WORK/System_top/u_UART/u_UART_RX_top/u_data_sampler/internal_sampled_bit_reg[0]
  Impl DFF        Imp:/WORK/System_top/u_UART/u_UART_RX_top/u_data_sampler/internal_sampled_bit_reg[0]

  Ref  DFF        Ref:/WORK/System_top/u_UART/u_UART_RX_top/u_data_sampler/internal_sampled_bit_reg[1]
  Impl DFF        Imp:/WORK/System_top/u_UART/u_UART_RX_top/u_data_sampler/internal_sampled_bit_reg[1]

  Ref  DFF        Ref:/WORK/System_top/u_UART/u_UART_RX_top/u_data_sampler/internal_sampled_bit_reg[2]
  Impl DFF        Imp:/WORK/System_top/u_UART/u_UART_RX_top/u_data_sampler/internal_sampled_bit_reg[2]

  Ref  DFF        Ref:/WORK/System_top/u_UART/u_UART_RX_top/u_data_sampler/sampled_bit_reg_reg
  Impl DFF        Imp:/WORK/System_top/u_UART/u_UART_RX_top/u_data_sampler/sampled_bit_reg_reg

  Ref  DFF        Ref:/WORK/System_top/u_UART/u_UART_RX_top/u_deserializer/shift_reg_reg[0]
  Impl DFF        Imp:/WORK/System_top/u_UART/u_UART_RX_top/u_deserializer/shift_reg_reg[0]

  Ref  DFF        Ref:/WORK/System_top/u_UART/u_UART_RX_top/u_deserializer/shift_reg_reg[1]
  Impl DFF        Imp:/WORK/System_top/u_UART/u_UART_RX_top/u_deserializer/shift_reg_reg[1]

  Ref  DFF        Ref:/WORK/System_top/u_UART/u_UART_RX_top/u_deserializer/shift_reg_reg[2]
  Impl DFF        Imp:/WORK/System_top/u_UART/u_UART_RX_top/u_deserializer/shift_reg_reg[2]

  Ref  DFF        Ref:/WORK/System_top/u_UART/u_UART_RX_top/u_deserializer/shift_reg_reg[3]
  Impl DFF        Imp:/WORK/System_top/u_UART/u_UART_RX_top/u_deserializer/shift_reg_reg[3]

  Ref  DFF        Ref:/WORK/System_top/u_UART/u_UART_RX_top/u_deserializer/shift_reg_reg[4]
  Impl DFF        Imp:/WORK/System_top/u_UART/u_UART_RX_top/u_deserializer/shift_reg_reg[4]

  Ref  DFF        Ref:/WORK/System_top/u_UART/u_UART_RX_top/u_deserializer/shift_reg_reg[5]
  Impl DFF        Imp:/WORK/System_top/u_UART/u_UART_RX_top/u_deserializer/shift_reg_reg[5]

  Ref  DFF        Ref:/WORK/System_top/u_UART/u_UART_RX_top/u_deserializer/shift_reg_reg[6]
  Impl DFF        Imp:/WORK/System_top/u_UART/u_UART_RX_top/u_deserializer/shift_reg_reg[6]

  Ref  DFF        Ref:/WORK/System_top/u_UART/u_UART_RX_top/u_deserializer/shift_reg_reg[7]
  Impl DFF        Imp:/WORK/System_top/u_UART/u_UART_RX_top/u_deserializer/shift_reg_reg[7]

  Ref  DFF        Ref:/WORK/System_top/u_UART/u_UART_RX_top/u_edge_bit_counter/bit_cnt_reg[0]
  Impl DFF        Imp:/WORK/System_top/u_UART/u_UART_RX_top/u_edge_bit_counter/bit_cnt_reg[0]

  Ref  DFF        Ref:/WORK/System_top/u_UART/u_UART_RX_top/u_edge_bit_counter/bit_cnt_reg[1]
  Impl DFF        Imp:/WORK/System_top/u_UART/u_UART_RX_top/u_edge_bit_counter/bit_cnt_reg[1]

  Ref  DFF        Ref:/WORK/System_top/u_UART/u_UART_RX_top/u_edge_bit_counter/bit_cnt_reg[2]
  Impl DFF        Imp:/WORK/System_top/u_UART/u_UART_RX_top/u_edge_bit_counter/bit_cnt_reg[2]

  Ref  DFF        Ref:/WORK/System_top/u_UART/u_UART_RX_top/u_edge_bit_counter/bit_cnt_reg[3]
  Impl DFF        Imp:/WORK/System_top/u_UART/u_UART_RX_top/u_edge_bit_counter/bit_cnt_reg[3]

  Ref  DFF        Ref:/WORK/System_top/u_UART/u_UART_RX_top/u_edge_bit_counter/edge_cnt_reg[0]
  Impl DFF        Imp:/WORK/System_top/u_UART/u_UART_RX_top/u_edge_bit_counter/edge_cnt_reg[0]

  Ref  DFF        Ref:/WORK/System_top/u_UART/u_UART_RX_top/u_edge_bit_counter/edge_cnt_reg[1]
  Impl DFF        Imp:/WORK/System_top/u_UART/u_UART_RX_top/u_edge_bit_counter/edge_cnt_reg[1]

  Ref  DFF        Ref:/WORK/System_top/u_UART/u_UART_RX_top/u_edge_bit_counter/edge_cnt_reg[2]
  Impl DFF        Imp:/WORK/System_top/u_UART/u_UART_RX_top/u_edge_bit_counter/edge_cnt_reg[2]

  Ref  DFF        Ref:/WORK/System_top/u_UART/u_UART_RX_top/u_edge_bit_counter/edge_cnt_reg[3]
  Impl DFF        Imp:/WORK/System_top/u_UART/u_UART_RX_top/u_edge_bit_counter/edge_cnt_reg[3]

  Ref  DFF        Ref:/WORK/System_top/u_UART/u_UART_RX_top/u_edge_bit_counter/edge_cnt_reg[4]
  Impl DFF        Imp:/WORK/System_top/u_UART/u_UART_RX_top/u_edge_bit_counter/edge_cnt_reg[4]

  Ref  DFF        Ref:/WORK/System_top/u_UART/u_UART_TX_top/u_FSM/curent_state_reg[0]
  Impl DFF        Imp:/WORK/System_top/u_UART/u_UART_TX_top/u_FSM/curent_state_reg[0]

  Ref  DFF        Ref:/WORK/System_top/u_UART/u_UART_TX_top/u_FSM/curent_state_reg[1]
  Impl DFF        Imp:/WORK/System_top/u_UART/u_UART_TX_top/u_FSM/curent_state_reg[1]

  Ref  DFF        Ref:/WORK/System_top/u_UART/u_UART_TX_top/u_FSM/curent_state_reg[2]
  Impl DFF        Imp:/WORK/System_top/u_UART/u_UART_TX_top/u_FSM/curent_state_reg[2]

  Ref  DFF        Ref:/WORK/System_top/u_UART/u_UART_TX_top/u_serializer/ser_Count_reg[0]
  Impl DFF        Imp:/WORK/System_top/u_UART/u_UART_TX_top/u_serializer/ser_Count_reg[0]

  Ref  DFF        Ref:/WORK/System_top/u_UART/u_UART_TX_top/u_serializer/ser_Count_reg[1]
  Impl DFF        Imp:/WORK/System_top/u_UART/u_UART_TX_top/u_serializer/ser_Count_reg[1]

  Ref  DFF        Ref:/WORK/System_top/u_UART/u_UART_TX_top/u_serializer/ser_Count_reg[2]
  Impl DFF        Imp:/WORK/System_top/u_UART/u_UART_TX_top/u_serializer/ser_Count_reg[2]

  Ref  DFF        Ref:/WORK/System_top/u_UART/u_UART_TX_top/u_serializer/ser_data_reg
  Impl DFF        Imp:/WORK/System_top/u_UART/u_UART_TX_top/u_serializer/ser_data_reg

  Ref  DFF        Ref:/WORK/System_top/u_UART/u_UART_TX_top/u_serializer/ser_done_reg
  Impl DFF        Imp:/WORK/System_top/u_UART/u_UART_TX_top/u_serializer/ser_done_reg

  Ref  Port       Ref:/WORK/System_top/TX_OUT
  Impl Port       Imp:/WORK/System_top/TX_OUT

 [BBNet: multiply-driven net
  BBPin: black-box pin
  Cut:   cut-point
  DFF:   non-constant DFF register
  DFF0:  constant 0 DFF register
  DFF1:  constant 1 DFF register
  DFFX:  constant X DFF register
  DFF0X: constrained 0X DFF register
  DFF1X: constrained 1X DFF register
  LAT:   non-constant latch register
  LAT0:  constant 0 latch register
  LAT1:  constant 1 latch register
  LATX:  constant X latch register
  LAT0X: constrained 0X latch register
  LAT1X: constrained 1X latch register
  LATCG: clock-gating latch register
  TLA:   transparent latch register
  TLA0X: transparent constrained 0X latch register
  TLA1X: transparent constrained 1X latch register
  Loop:  cycle break point
  Port:  primary (top-level) port
  Und:   undriven signal cut-point
  Unk:   unknown signal cut-point]

1
