###############################################################
#  Generated by:      Cadence Innovus 15.20-p005_1
#  OS:                Linux x86_64(Host ID IC)
#  Generated on:      Sun Sep  4 06:32:10 2022
#  Design:            System_top
#  Command:           verifyConnectivity -type all -error 1000 -warning 50
###############################################################
Verify Connectivity Report is created on Sun Sep  4 06:32:10 2022



Net VDD: has special routes with opens at (0.000, 0.250) (240.670, 240.420)
Net VDD: has special routes with opens at (0.000, -0.130) (240.670, 0.130)
Net VDD: dangling Wire at (0.000, 212.380) (0.000, 212.380) on layer: M1
Net VDD: dangling Wire at (240.670, 212.380) (240.670, 212.380) on layer: M1
Net VDD: dangling Wire at (0.000, 218.120) (0.000, 218.120) on layer: M1
Net VDD: dangling Wire at (240.670, 218.120) (240.670, 218.120) on layer: M1
Net VDD: dangling Wire at (0.000, 223.860) (0.000, 223.860) on layer: M1
Net VDD: dangling Wire at (240.670, 223.860) (240.670, 223.860) on layer: M1
Net VDD: dangling Wire at (0.000, 229.600) (0.000, 229.600) on layer: M1
Net VDD: dangling Wire at (240.670, 229.600) (240.670, 229.600) on layer: M1
Net VDD: dangling Wire at (0.000, 235.340) (0.000, 235.340) on layer: M1
Net VDD: dangling Wire at (240.670, 235.340) (240.670, 235.340) on layer: M1
Net VDD: dangling Wire at (0.000, 183.680) (0.000, 183.680) on layer: M1
Net VDD: dangling Wire at (240.670, 183.680) (240.670, 183.680) on layer: M1
Net VDD: dangling Wire at (0.000, 189.420) (0.000, 189.420) on layer: M1
Net VDD: dangling Wire at (240.670, 189.420) (240.670, 189.420) on layer: M1
Net VDD: dangling Wire at (0.000, 195.160) (0.000, 195.160) on layer: M1
Net VDD: dangling Wire at (240.670, 195.160) (240.670, 195.160) on layer: M1
Net VDD: dangling Wire at (0.000, 200.900) (0.000, 200.900) on layer: M1
Net VDD: dangling Wire at (240.670, 200.900) (240.670, 200.900) on layer: M1
Net VDD: dangling Wire at (0.000, 206.640) (0.000, 206.640) on layer: M1
Net VDD: dangling Wire at (240.670, 206.640) (240.670, 206.640) on layer: M1
Net VDD: dangling Wire at (0.000, 154.980) (0.000, 154.980) on layer: M1
Net VDD: dangling Wire at (240.670, 154.980) (240.670, 154.980) on layer: M1
Net VDD: dangling Wire at (0.000, 160.720) (0.000, 160.720) on layer: M1
Net VDD: dangling Wire at (240.670, 160.720) (240.670, 160.720) on layer: M1
Net VDD: dangling Wire at (0.000, 166.460) (0.000, 166.460) on layer: M1
Net VDD: dangling Wire at (240.670, 166.460) (240.670, 166.460) on layer: M1
Net VDD: dangling Wire at (0.000, 172.200) (0.000, 172.200) on layer: M1
Net VDD: dangling Wire at (240.670, 172.200) (240.670, 172.200) on layer: M1
Net VDD: dangling Wire at (0.000, 177.940) (0.000, 177.940) on layer: M1
Net VDD: dangling Wire at (240.670, 177.940) (240.670, 177.940) on layer: M1
Net VDD: dangling Wire at (0.000, 120.540) (0.000, 120.540) on layer: M1
Net VDD: dangling Wire at (240.670, 120.540) (240.670, 120.540) on layer: M1
Net VDD: dangling Wire at (0.000, 126.280) (0.000, 126.280) on layer: M1
Net VDD: dangling Wire at (240.670, 126.280) (240.670, 126.280) on layer: M1
Net VDD: dangling Wire at (0.000, 132.020) (0.000, 132.020) on layer: M1
Net VDD: dangling Wire at (240.670, 132.020) (240.670, 132.020) on layer: M1
Net VDD: dangling Wire at (0.000, 137.760) (0.000, 137.760) on layer: M1
Net VDD: dangling Wire at (240.670, 137.760) (240.670, 137.760) on layer: M1
Net VDD: dangling Wire at (0.000, 143.500) (0.000, 143.500) on layer: M1
Net VDD: dangling Wire at (240.670, 143.500) (240.670, 143.500) on layer: M1
Net VDD: dangling Wire at (0.000, 149.240) (0.000, 149.240) on layer: M1
Net VDD: dangling Wire at (240.670, 149.240) (240.670, 149.240) on layer: M1
Net VDD: dangling Wire at (0.000, 91.840) (0.000, 91.840) on layer: M1
Net VDD: dangling Wire at (240.670, 91.840) (240.670, 91.840) on layer: M1
Net VDD: dangling Wire at (0.000, 97.580) (0.000, 97.580) on layer: M1
Net VDD: dangling Wire at (240.670, 97.580) (240.670, 97.580) on layer: M1
Net VDD: dangling Wire at (0.000, 103.320) (0.000, 103.320) on layer: M1
Net VDD: dangling Wire at (240.670, 103.320) (240.670, 103.320) on layer: M1
Net VDD: dangling Wire at (0.000, 109.060) (0.000, 109.060) on layer: M1
Net VDD: dangling Wire at (240.670, 109.060) (240.670, 109.060) on layer: M1
Net VDD: dangling Wire at (0.000, 114.800) (0.000, 114.800) on layer: M1
Net VDD: dangling Wire at (240.670, 114.800) (240.670, 114.800) on layer: M1
Net VDD: dangling Wire at (0.000, 63.140) (0.000, 63.140) on layer: M1
Net VDD: dangling Wire at (240.670, 63.140) (240.670, 63.140) on layer: M1
Net VDD: dangling Wire at (0.000, 68.880) (0.000, 68.880) on layer: M1
Net VDD: dangling Wire at (240.670, 68.880) (240.670, 68.880) on layer: M1
Net VDD: dangling Wire at (0.000, 74.620) (0.000, 74.620) on layer: M1
Net VDD: dangling Wire at (240.670, 74.620) (240.670, 74.620) on layer: M1
Net VDD: dangling Wire at (0.000, 80.360) (0.000, 80.360) on layer: M1
Net VDD: dangling Wire at (240.670, 80.360) (240.670, 80.360) on layer: M1
Net VDD: dangling Wire at (0.000, 86.100) (0.000, 86.100) on layer: M1
Net VDD: dangling Wire at (240.670, 86.100) (240.670, 86.100) on layer: M1
Net VDD: dangling Wire at (0.000, 34.440) (0.000, 34.440) on layer: M1
Net VDD: dangling Wire at (240.670, 34.440) (240.670, 34.440) on layer: M1
Net VDD: dangling Wire at (0.000, 40.180) (0.000, 40.180) on layer: M1
Net VDD: dangling Wire at (240.670, 40.180) (240.670, 40.180) on layer: M1
Net VDD: dangling Wire at (0.000, 45.920) (0.000, 45.920) on layer: M1
Net VDD: dangling Wire at (240.670, 45.920) (240.670, 45.920) on layer: M1
Net VDD: dangling Wire at (0.000, 51.660) (0.000, 51.660) on layer: M1
Net VDD: dangling Wire at (240.670, 51.660) (240.670, 51.660) on layer: M1
Net VDD: dangling Wire at (0.000, 57.400) (0.000, 57.400) on layer: M1
Net VDD: dangling Wire at (240.670, 57.400) (240.670, 57.400) on layer: M1
Net VDD: dangling Wire at (0.000, 5.740) (0.000, 5.740) on layer: M1
Net VDD: dangling Wire at (240.670, 5.740) (240.670, 5.740) on layer: M1
Net VDD: dangling Wire at (0.000, 11.480) (0.000, 11.480) on layer: M1
Net VDD: dangling Wire at (240.670, 11.480) (240.670, 11.480) on layer: M1
Net VDD: dangling Wire at (0.000, 17.220) (0.000, 17.220) on layer: M1
Net VDD: dangling Wire at (240.670, 17.220) (240.670, 17.220) on layer: M1
Net VDD: dangling Wire at (0.000, 22.960) (0.000, 22.960) on layer: M1
Net VDD: dangling Wire at (240.670, 22.960) (240.670, 22.960) on layer: M1
Net VDD: dangling Wire at (0.000, 28.700) (0.000, 28.700) on layer: M1
Net VDD: dangling Wire at (240.670, 28.700) (240.670, 28.700) on layer: M1
Net VDD: dangling Wire at (0.000, 0.000) (0.000, 0.000) on layer: M1
Net VDD: dangling Wire at (240.670, 0.000) (240.670, 0.000) on layer: M1
Net VSS: dangling Wire at (0.000, 215.250) (0.000, 215.250) on layer: M1
Net VSS: dangling Wire at (240.670, 215.250) (240.670, 215.250) on layer: M1
Net VSS: dangling Wire at (0.000, 220.990) (0.000, 220.990) on layer: M1
Net VSS: dangling Wire at (240.670, 220.990) (240.670, 220.990) on layer: M1
Net VSS: dangling Wire at (0.000, 226.730) (0.000, 226.730) on layer: M1
Net VSS: dangling Wire at (240.670, 226.730) (240.670, 226.730) on layer: M1
Net VSS: dangling Wire at (0.000, 232.470) (0.000, 232.470) on layer: M1
Net VSS: dangling Wire at (240.670, 232.470) (240.670, 232.470) on layer: M1
Net VSS: dangling Wire at (0.000, 238.210) (0.000, 238.210) on layer: M1
Net VSS: dangling Wire at (240.670, 238.210) (240.670, 238.210) on layer: M1
Net VSS: dangling Wire at (0.000, 180.810) (0.000, 180.810) on layer: M1
Net VSS: dangling Wire at (240.670, 180.810) (240.670, 180.810) on layer: M1
Net VSS: dangling Wire at (0.000, 186.550) (0.000, 186.550) on layer: M1
Net VSS: dangling Wire at (240.670, 186.550) (240.670, 186.550) on layer: M1
Net VSS: dangling Wire at (0.000, 192.290) (0.000, 192.290) on layer: M1
Net VSS: dangling Wire at (240.670, 192.290) (240.670, 192.290) on layer: M1
Net VSS: dangling Wire at (0.000, 198.030) (0.000, 198.030) on layer: M1
Net VSS: dangling Wire at (240.670, 198.030) (240.670, 198.030) on layer: M1
Net VSS: dangling Wire at (0.000, 203.770) (0.000, 203.770) on layer: M1
Net VSS: dangling Wire at (240.670, 203.770) (240.670, 203.770) on layer: M1
Net VSS: dangling Wire at (0.000, 209.510) (0.000, 209.510) on layer: M1
Net VSS: dangling Wire at (240.670, 209.510) (240.670, 209.510) on layer: M1
Net VSS: dangling Wire at (0.000, 152.110) (0.000, 152.110) on layer: M1
Net VSS: dangling Wire at (240.670, 152.110) (240.670, 152.110) on layer: M1
Net VSS: dangling Wire at (0.000, 157.850) (0.000, 157.850) on layer: M1
Net VSS: dangling Wire at (240.670, 157.850) (240.670, 157.850) on layer: M1
Net VSS: dangling Wire at (0.000, 163.590) (0.000, 163.590) on layer: M1
Net VSS: dangling Wire at (240.670, 163.590) (240.670, 163.590) on layer: M1
Net VSS: dangling Wire at (0.000, 169.330) (0.000, 169.330) on layer: M1
Net VSS: dangling Wire at (240.670, 169.330) (240.670, 169.330) on layer: M1
Net VSS: dangling Wire at (0.000, 175.070) (0.000, 175.070) on layer: M1
Net VSS: dangling Wire at (240.670, 175.070) (240.670, 175.070) on layer: M1
Net VSS: dangling Wire at (0.000, 123.410) (0.000, 123.410) on layer: M1
Net VSS: dangling Wire at (240.670, 123.410) (240.670, 123.410) on layer: M1
Net VSS: dangling Wire at (0.000, 129.150) (0.000, 129.150) on layer: M1
Net VSS: dangling Wire at (240.670, 129.150) (240.670, 129.150) on layer: M1
Net VSS: dangling Wire at (0.000, 134.890) (0.000, 134.890) on layer: M1
Net VSS: dangling Wire at (240.670, 134.890) (240.670, 134.890) on layer: M1
Net VSS: dangling Wire at (0.000, 140.630) (0.000, 140.630) on layer: M1
Net VSS: dangling Wire at (240.670, 140.630) (240.670, 140.630) on layer: M1
Net VSS: dangling Wire at (0.000, 146.370) (0.000, 146.370) on layer: M1
Net VSS: dangling Wire at (240.670, 146.370) (240.670, 146.370) on layer: M1
Net VSS: dangling Wire at (0.000, 94.710) (0.000, 94.710) on layer: M1
Net VSS: dangling Wire at (240.670, 94.710) (240.670, 94.710) on layer: M1
Net VSS: dangling Wire at (0.000, 100.450) (0.000, 100.450) on layer: M1
Net VSS: dangling Wire at (240.670, 100.450) (240.670, 100.450) on layer: M1
Net VSS: dangling Wire at (0.000, 106.190) (0.000, 106.190) on layer: M1
Net VSS: dangling Wire at (240.670, 106.190) (240.670, 106.190) on layer: M1
Net VSS: dangling Wire at (0.000, 111.930) (0.000, 111.930) on layer: M1
Net VSS: dangling Wire at (240.670, 111.930) (240.670, 111.930) on layer: M1
Net VSS: dangling Wire at (0.000, 117.670) (0.000, 117.670) on layer: M1
Net VSS: dangling Wire at (240.670, 117.670) (240.670, 117.670) on layer: M1
Net VSS: dangling Wire at (0.000, 66.010) (0.000, 66.010) on layer: M1
Net VSS: dangling Wire at (240.670, 66.010) (240.670, 66.010) on layer: M1
Net VSS: dangling Wire at (0.000, 71.750) (0.000, 71.750) on layer: M1
Net VSS: dangling Wire at (240.670, 71.750) (240.670, 71.750) on layer: M1
Net VSS: dangling Wire at (0.000, 77.490) (0.000, 77.490) on layer: M1
Net VSS: dangling Wire at (240.670, 77.490) (240.670, 77.490) on layer: M1
Net VSS: dangling Wire at (0.000, 83.230) (0.000, 83.230) on layer: M1
Net VSS: dangling Wire at (240.670, 83.230) (240.670, 83.230) on layer: M1
Net VSS: dangling Wire at (0.000, 88.970) (0.000, 88.970) on layer: M1
Net VSS: dangling Wire at (240.670, 88.970) (240.670, 88.970) on layer: M1
Net VSS: dangling Wire at (0.000, 31.570) (0.000, 31.570) on layer: M1
Net VSS: dangling Wire at (240.670, 31.570) (240.670, 31.570) on layer: M1
Net VSS: dangling Wire at (0.000, 37.310) (0.000, 37.310) on layer: M1
Net VSS: dangling Wire at (240.670, 37.310) (240.670, 37.310) on layer: M1
Net VSS: dangling Wire at (0.000, 43.050) (0.000, 43.050) on layer: M1
Net VSS: dangling Wire at (240.670, 43.050) (240.670, 43.050) on layer: M1
Net VSS: dangling Wire at (0.000, 48.790) (0.000, 48.790) on layer: M1
Net VSS: dangling Wire at (240.670, 48.790) (240.670, 48.790) on layer: M1
Net VSS: dangling Wire at (0.000, 54.530) (0.000, 54.530) on layer: M1
Net VSS: dangling Wire at (240.670, 54.530) (240.670, 54.530) on layer: M1
Net VSS: dangling Wire at (0.000, 2.870) (0.000, 2.870) on layer: M1
Net VSS: dangling Wire at (240.670, 2.870) (240.670, 2.870) on layer: M1
Net VSS: dangling Wire at (0.000, 8.610) (0.000, 8.610) on layer: M1
Net VSS: dangling Wire at (240.670, 8.610) (240.670, 8.610) on layer: M1
Net VSS: dangling Wire at (0.000, 14.350) (0.000, 14.350) on layer: M1
Net VSS: dangling Wire at (240.670, 14.350) (240.670, 14.350) on layer: M1
Net VSS: dangling Wire at (0.000, 20.090) (0.000, 20.090) on layer: M1
Net VSS: dangling Wire at (240.670, 20.090) (240.670, 20.090) on layer: M1
Net VSS: dangling Wire at (0.000, 25.830) (0.000, 25.830) on layer: M1
Net VSS: dangling Wire at (240.670, 25.830) (240.670, 25.830) on layer: M1
Net VSS: dangling Wire at (0.000, 60.270) (0.000, 60.270) on layer: M1
Net VSS: dangling Wire at (240.670, 60.270) (240.670, 60.270) on layer: M1

Begin Summary
    2 Problem(s) (IMPVFC-200): Special Wires: Pieces of the net are not connected together.
    168 Problem(s) (IMPVFC-94): The net has dangling wire(s).
    170 total info(s) created.
End Summary
