Information: Propagating switching activity (low effort zero delay simulation). (PWR-6)
Warning: Design has unannotated primary inputs. (PWR-414)
Warning: Design has unannotated sequential cell outputs. (PWR-415)
 
****************************************
Report : power
        -analysis_effort low
        -verbose
Design : System_top
Version: K-2015.06
Date   : Sun Sep  4 03:28:42 2022
****************************************


Library(s) Used:

    scmetro_tsmc_cl013g_rvt_ss_1p08v_125c (File: /mnt/hgfs/Joe's_Backend/std_cells/scmetro_tsmc_cl013g_rvt_ss_1p08v_125c.db)


Operating Conditions: scmetro_tsmc_cl013g_rvt_ss_1p08v_125c   Library: scmetro_tsmc_cl013g_rvt_ss_1p08v_125c
Wire Load Model Mode: top

Design        Wire Load Model            Library
------------------------------------------------
System_top             tsmc13_wl10       scmetro_tsmc_cl013g_rvt_ss_1p08v_125c


Global Operating Voltage = 1.08 
Power-specific unit information :
    Voltage Units = 1V
    Capacitance Units = 1.000000pf
    Time Units = 1ns
    Dynamic Power Units = 1mW    (derived from V,C,T units)
    Leakage Power Units = 1pW


  Cell Internal Power  = 155.3635 uW   (55%)
  Net Switching Power  = 126.7888 uW   (45%)
                         ---------
Total Dynamic Power    = 282.1523 uW  (100%)

Cell Leakage Power     =  11.4408 uW

                 Internal         Switching           Leakage            Total                         Cell
Power Group      Power            Power               Power              Power   (   %    )  Attrs  Count
---------------------------------------------------------------------------------------------------------
io_pad             0.0000            0.0000            0.0000            0.0000  (   0.00%)            0
memory             0.0000            0.0000            0.0000            0.0000  (   0.00%)            0
black_box          0.0000            0.0000            0.0000            0.0000  (   0.00%)            0
clock_network  5.7591e-03            0.1040        6.9047e+04            0.1098  (  37.42%)            4
register           0.1457        3.3408e-03        3.7498e+06            0.1528  (  52.04%)            268
sequential         0.0000            0.0000            0.0000            0.0000  (   0.00%)            0
combinational  3.9209e-03        1.9428e-02        7.6219e+06        3.0971e-02  (  10.55%)            1295
---------------------------------------------------------------------------------------------------------
Total              0.1554 mW         0.1268 mW     1.1441e+07 pW         0.2936 mW
1
