Info:  Net Ref:/WORK/System_top/SO is undriven.
Info:  Net Imp:/WORK/ARITHMETIC_UNIT_DATA_WIDTH8_DW_div_uns_0/remainder[7] is undriven.
Info:  Net Imp:/WORK/ARITHMETIC_UNIT_DATA_WIDTH8_DW_div_uns_0/remainder[6] is undriven.
Info:  Net Imp:/WORK/ARITHMETIC_UNIT_DATA_WIDTH8_DW_div_uns_0/remainder[5] is undriven.
Info:  Net Imp:/WORK/ARITHMETIC_UNIT_DATA_WIDTH8_DW_div_uns_0/remainder[4] is undriven.
Info:  Net Imp:/WORK/ARITHMETIC_UNIT_DATA_WIDTH8_DW_div_uns_0/remainder[3] is undriven.
Info:  Net Imp:/WORK/ARITHMETIC_UNIT_DATA_WIDTH8_DW_div_uns_0/remainder[2] is undriven.
Info:  Net Imp:/WORK/ARITHMETIC_UNIT_DATA_WIDTH8_DW_div_uns_0/remainder[1] is undriven.
Info:  Net Imp:/WORK/ARITHMETIC_UNIT_DATA_WIDTH8_DW_div_uns_0/remainder[0] is undriven.
Info:  Net Imp:/WORK/ARITHMETIC_UNIT_DATA_WIDTH8_DW_div_uns_0/divide_by_0 is undriven.
Info:  Net Imp:/WORK/ARITHMETIC_UNIT_DATA_WIDTH8_DW01_sub_0/CO is undriven.
Info:  Net Imp:/WORK/ARITHMETIC_UNIT_DATA_WIDTH8_DW01_add_0/CO is undriven.
Info:  Net Imp:/WORK/ARITHMETIC_UNIT_DATA_WIDTH8_DW01_add_1/CO is undriven.
Info:  guide_uniquify 80 (Line: 545)  Cannot find object "u_UART_TX_CLK_MUX2/U1" in design 'System_top'.
Info:  SVF Operation 80 (Line: 545) - uniquify.  Status: rejected
Info:  guide_uniquify 80 (Line: 545)  Cannot find object "u_REF_CLK_MUX2/U1" in design 'System_top'.
Info:  guide_uniquify 80 (Line: 545)  Cannot find object "u_RST_MUX2/U1" in design 'System_top'.
Info:  guide_uniquify 88 (Line: 593)  Cannot find object "u_ALU_TOP/U_ARITHMETIC_UNIT/dp_cluster_0/mult_26" in design 'System_top'.
Info:  Pre-verification of Ref:/WORK/ARITHMETIC_UNIT_DATA_WIDTH8/div_27 SUCCEEDED.
Info:  Pre-verification of Ref:/WORK/ARITHMETIC_UNIT_DATA_WIDTH8/mult_26 SUCCEEDED.
Info:  guide_scan_input 115 (Line: 703)  synopsys_auto_setup is false, ignoring Scan Input guidance.
Info:  SVF Operation 115 (Line: 703) - scan_input.  Status: rejected

Info:  guide_scan_input 116 (Line: 708)  synopsys_auto_setup is false, ignoring Scan Input guidance.
Info:  SVF Operation 116 (Line: 708) - scan_input.  Status: rejected

